000 (164920.000.000) 2024-04-29 16:43:53 Job submitted from host: <131.227.81.127:9618?addrs=131.227.81.127-9618&alias=aisurrey-condor.surrey.ac.uk&noUDP&sock=schedd_3128563_92e2>
...
040 (164920.000.000) 2024-04-29 16:51:30 Started transferring input files
	Transferring to host: <10.4.1.35:9618?addrs=10.4.1.35-9618&alias=aisurrey25.surrey.ac.uk&noUDP&sock=slot1_3_7868_77b9_1320>
...
040 (164920.000.000) 2024-04-29 16:51:30 Finished transferring input files
...
001 (164920.000.000) 2024-04-29 16:51:31 Job executing on host: <10.4.1.35:9618?addrs=10.4.1.35-9618&alias=aisurrey25.surrey.ac.uk&noUDP&sock=startd_7726_f8cb>
...
040 (164920.000.000) 2024-04-29 16:51:51 Started transferring output files
...
040 (164920.000.000) 2024-04-29 16:51:51 Finished transferring output files
...
005 (164920.000.000) 2024-04-29 16:51:53 Job terminated.
	(1) Normal termination (return value 1)
		Usr 0 00:00:00, Sys 0 00:00:00  -  Run Remote Usage
		Usr 0 00:00:00, Sys 0 00:00:00  -  Run Local Usage
		Usr 0 00:00:00, Sys 0 00:00:00  -  Total Remote Usage
		Usr 0 00:00:00, Sys 0 00:00:00  -  Total Local Usage
	0  -  Run Bytes Sent By Job
	1113504  -  Run Bytes Received By Job
	0  -  Total Bytes Sent By Job
	1113504  -  Total Bytes Received By Job
	Partitionable Resources :    Usage  Request Allocated Assigned
	   Cpus                 :        0        1         1 
	   Disk (KB)            :     1112     1250  12413168 
	   Gpus (Average)       :        0        1         1 "GPU-32c2a600-86fb-9655-8f68-0053a3e6a2c2"
	   GpusMemory (MB)      :      878                    
	   Memory (MB)          :             10240     10240 

	Job terminated of its own accord at 2024-04-29T15:51:49Z.
...
